Analysis & Synthesis report for IC74HC151
Fri Oct 18 18:43:53 2019
Quartus II 64-Bit Version 13.1.0 Build 162 10/23/2013 SJ Full Version


---------------------
; Table of Contents ;
---------------------
  1. Legal Notice
  2. Analysis & Synthesis Summary
  3. Analysis & Synthesis Settings
  4. Parallel Compilation
  5. Analysis & Synthesis Source Files Read
  6. Analysis & Synthesis Resource Usage Summary
  7. Analysis & Synthesis Resource Utilization by Entity
  8. General Register Statistics
  9. Source assignments for 
 10. Parameter Settings for User Entity Instance: Top-level Entity: |IC74HC151
 11. Analysis & Synthesis Messages



----------------
; Legal Notice ;
----------------
Copyright (C) 1991-2013 Altera Corporation
Your use of Altera Corporation's design tools, logic functions 
and other software and tools, and its AMPP partner logic 
functions, and any output files from any of the foregoing 
(including device programming or simulation files), and any 
associated documentation or information are expressly subject 
to the terms and conditions of the Altera Program License 
Subscription Agreement, Altera MegaCore Function License 
Agreement, or other applicable license agreement, including, 
without limitation, that your use is for the sole purpose of 
programming logic devices manufactured by Altera and sold by 
Altera or its authorized distributors.  Please refer to the 
applicable agreement for further details.



+----------------------------------------------------------------------------------+
; Analysis & Synthesis Summary                                                     ;
+------------------------------------+---------------------------------------------+
; Analysis & Synthesis Status        ; Successful - Fri Oct 18 18:43:53 2019       ;
; Quartus II 64-Bit Version          ; 13.1.0 Build 162 10/23/2013 SJ Full Version ;
; Revision Name                      ; IC74HC151                                   ;
; Top-level Entity Name              ; IC74HC151                                   ;
; Family                             ; Cyclone IV E                                ;
; Total logic elements               ; 5                                           ;
;     Total combinational functions  ; 5                                           ;
;     Dedicated logic registers      ; 0                                           ;
; Total registers                    ; 0                                           ;
; Total pins                         ; 14                                          ;
; Total virtual pins                 ; 0                                           ;
; Total memory bits                  ; 0                                           ;
; Embedded Multiplier 9-bit elements ; 0                                           ;
; Total PLLs                         ; 0                                           ;
+------------------------------------+---------------------------------------------+


+----------------------------------------------------------------------------------------------------------------------+
; Analysis & Synthesis Settings                                                                                        ;
+----------------------------------------------------------------------------+--------------------+--------------------+
; Option                                                                     ; Setting            ; Default Value      ;
+----------------------------------------------------------------------------+--------------------+--------------------+
; Device                                                                     ; EP4CE6F17C8        ;                    ;
; Top-level entity name                                                      ; IC74HC151          ; IC74HC151          ;
; Family name                                                                ; Cyclone IV E       ; Cyclone IV GX      ;
; Use smart compilation                                                      ; Off                ; Off                ;
; Enable parallel Assembler and TimeQuest Timing Analyzer during compilation ; On                 ; On                 ;
; Enable compact report table                                                ; Off                ; Off                ;
; Restructure Multiplexers                                                   ; Auto               ; Auto               ;
; Create Debugging Nodes for IP Cores                                        ; Off                ; Off                ;
; Preserve fewer node names                                                  ; On                 ; On                 ;
; Disable OpenCore Plus hardware evaluation                                  ; Off                ; Off                ;
; Verilog Version                                                            ; Verilog_2001       ; Verilog_2001       ;
; VHDL Version                                                               ; VHDL_1993          ; VHDL_1993          ;
; State Machine Processing                                                   ; Auto               ; Auto               ;
; Safe State Machine                                                         ; Off                ; Off                ;
; Extract Verilog State Machines                                             ; On                 ; On                 ;
; Extract VHDL State Machines                                                ; On                 ; On                 ;
; Ignore Verilog initial constructs                                          ; Off                ; Off                ;
; Iteration limit for constant Verilog loops                                 ; 5000               ; 5000               ;
; Iteration limit for non-constant Verilog loops                             ; 250                ; 250                ;
; Add Pass-Through Logic to Inferred RAMs                                    ; On                 ; On                 ;
; Infer RAMs from Raw Logic                                                  ; On                 ; On                 ;
; Parallel Synthesis                                                         ; On                 ; On                 ;
; DSP Block Balancing                                                        ; Auto               ; Auto               ;
; NOT Gate Push-Back                                                         ; On                 ; On                 ;
; Power-Up Don't Care                                                        ; On                 ; On                 ;
; Remove Redundant Logic Cells                                               ; Off                ; Off                ;
; Remove Duplicate Registers                                                 ; On                 ; On                 ;
; Ignore CARRY Buffers                                                       ; Off                ; Off                ;
; Ignore CASCADE Buffers                                                     ; Off                ; Off                ;
; Ignore GLOBAL Buffers                                                      ; Off                ; Off                ;
; Ignore ROW GLOBAL Buffers                                                  ; Off                ; Off                ;
; Ignore LCELL Buffers                                                       ; Off                ; Off                ;
; Ignore SOFT Buffers                                                        ; On                 ; On                 ;
; Limit AHDL Integers to 32 Bits                                             ; Off                ; Off                ;
; Optimization Technique                                                     ; Balanced           ; Balanced           ;
; Carry Chain Length                                                         ; 70                 ; 70                 ;
; Auto Carry Chains                                                          ; On                 ; On                 ;
; Auto Open-Drain Pins                                                       ; On                 ; On                 ;
; Perform WYSIWYG Primitive Resynthesis                                      ; Off                ; Off                ;
; Auto ROM Replacement                                                       ; On                 ; On                 ;
; Auto RAM Replacement                                                       ; On                 ; On                 ;
; Auto DSP Block Replacement                                                 ; On                 ; On                 ;
; Auto Shift Register Replacement                                            ; Auto               ; Auto               ;
; Allow Shift Register Merging across Hierarchies                            ; Auto               ; Auto               ;
; Auto Clock Enable Replacement                                              ; On                 ; On                 ;
; Strict RAM Replacement                                                     ; Off                ; Off                ;
; Allow Synchronous Control Signals                                          ; On                 ; On                 ;
; Force Use of Synchronous Clear Signals                                     ; Off                ; Off                ;
; Auto RAM Block Balancing                                                   ; On                 ; On                 ;
; Auto RAM to Logic Cell Conversion                                          ; Off                ; Off                ;
; Auto Resource Sharing                                                      ; Off                ; Off                ;
; Allow Any RAM Size For Recognition                                         ; Off                ; Off                ;
; Allow Any ROM Size For Recognition                                         ; Off                ; Off                ;
; Allow Any Shift Register Size For Recognition                              ; Off                ; Off                ;
; Use LogicLock Constraints during Resource Balancing                        ; On                 ; On                 ;
; Ignore translate_off and synthesis_off directives                          ; Off                ; Off                ;
; Timing-Driven Synthesis                                                    ; On                 ; On                 ;
; Report Parameter Settings                                                  ; On                 ; On                 ;
; Report Source Assignments                                                  ; On                 ; On                 ;
; Report Connectivity Checks                                                 ; On                 ; On                 ;
; Ignore Maximum Fan-Out Assignments                                         ; Off                ; Off                ;
; Synchronization Register Chain Length                                      ; 2                  ; 2                  ;
; PowerPlay Power Optimization                                               ; Normal compilation ; Normal compilation ;
; HDL message level                                                          ; Level2             ; Level2             ;
; Suppress Register Optimization Related Messages                            ; Off                ; Off                ;
; Number of Removed Registers Reported in Synthesis Report                   ; 5000               ; 5000               ;
; Number of Swept Nodes Reported in Synthesis Report                         ; 5000               ; 5000               ;
; Number of Inverted Registers Reported in Synthesis Report                  ; 100                ; 100                ;
; Clock MUX Protection                                                       ; On                 ; On                 ;
; Auto Gated Clock Conversion                                                ; Off                ; Off                ;
; Block Design Naming                                                        ; Auto               ; Auto               ;
; SDC constraint protection                                                  ; Off                ; Off                ;
; Synthesis Effort                                                           ; Auto               ; Auto               ;
; Shift Register Replacement - Allow Asynchronous Clear Signal               ; On                 ; On                 ;
; Pre-Mapping Resynthesis Optimization                                       ; Off                ; Off                ;
; Analysis & Synthesis Message Level                                         ; Medium             ; Medium             ;
; Disable Register Merging Across Hierarchies                                ; Auto               ; Auto               ;
; Resource Aware Inference For Block RAM                                     ; On                 ; On                 ;
; Synthesis Seed                                                             ; 1                  ; 1                  ;
+----------------------------------------------------------------------------+--------------------+--------------------+


+------------------------------------------+
; Parallel Compilation                     ;
+----------------------------+-------------+
; Processors                 ; Number      ;
+----------------------------+-------------+
; Number detected on machine ; 8           ;
; Maximum allowed            ; 4           ;
;                            ;             ;
; Average used               ; 1.00        ;
; Maximum used               ; 1           ;
;                            ;             ;
; Usage by Processor         ; % Time Used ;
;     Processor 1            ; 100.0%      ;
;     Processors 2-8         ;   0.0%      ;
+----------------------------+-------------+


+--------------------------------------------------------------------------------------------------------------------------------------+
; Analysis & Synthesis Source Files Read                                                                                               ;
+----------------------------------------+-----------------+------------------------+----------------------------------------+---------+
; File Name with User-Entered Path       ; Used in Netlist ; File Type              ; File Name with Absolute Path           ; Library ;
+----------------------------------------+-----------------+------------------------+----------------------------------------+---------+
; IC74HC151.qxp                          ; yes             ; User File              ; H:/TestCode/IC74HC151/IC74HC151.qxp    ;         ;
; H:/TestCode/IC74HC151/User/IC74HC151.v ; yes             ; User Verilog HDL File  ; H:/TestCode/IC74HC151/User/IC74HC151.v ;         ;
+----------------------------------------+-----------------+------------------------+----------------------------------------+---------+


+-------------------------------------------------------------------+
; Analysis & Synthesis Resource Usage Summary                       ;
+---------------------------------------------+---------------------+
; Resource                                    ; Usage               ;
+---------------------------------------------+---------------------+
; Estimated Total logic elements              ; 5                   ;
;                                             ;                     ;
; Total combinational functions               ; 5                   ;
; Logic element usage by number of LUT inputs ;                     ;
;     -- 4 input functions                    ; 5                   ;
;     -- 3 input functions                    ; 0                   ;
;     -- <=2 input functions                  ; 0                   ;
;                                             ;                     ;
; Logic elements by mode                      ;                     ;
;     -- normal mode                          ; 5                   ;
;     -- arithmetic mode                      ; 0                   ;
;                                             ;                     ;
; Total registers                             ; 0                   ;
;     -- Dedicated logic registers            ; 0                   ;
;     -- I/O registers                        ; 0                   ;
;                                             ;                     ;
; I/O pins                                    ; 14                  ;
; Embedded Multiplier 9-bit elements          ; 0                   ;
; Maximum fan-out node                        ; SelectPart[0]~input ;
; Maximum fan-out                             ; 3                   ;
; Total fan-out                               ; 36                  ;
; Average fan-out                             ; 1.09                ;
+---------------------------------------------+---------------------+


+-----------------------------------------------------------------------------------------------------------------------------------------------------------------------------+
; Analysis & Synthesis Resource Utilization by Entity                                                                                                                         ;
+----------------------------+-------------------+--------------+-------------+--------------+---------+-----------+------+--------------+---------------------+--------------+
; Compilation Hierarchy Node ; LC Combinationals ; LC Registers ; Memory Bits ; DSP Elements ; DSP 9x9 ; DSP 18x18 ; Pins ; Virtual Pins ; Full Hierarchy Name ; Library Name ;
+----------------------------+-------------------+--------------+-------------+--------------+---------+-----------+------+--------------+---------------------+--------------+
; |IC74HC151                 ; 5 (5)             ; 0 (0)        ; 0           ; 0            ; 0       ; 0         ; 14   ; 0            ; |IC74HC151          ; work         ;
+----------------------------+-------------------+--------------+-------------+--------------+---------+-----------+------+--------------+---------------------+--------------+
Note: For table entries with two numbers listed, the numbers in parentheses indicate the number of resources of the given type used by the specific entity alone. The numbers listed outside of parentheses indicate the total resources of the given type used by the specific entity and all of its sub-entities in the hierarchy.


+------------------------------------------------------+
; General Register Statistics                          ;
+----------------------------------------------+-------+
; Statistic                                    ; Value ;
+----------------------------------------------+-------+
; Total registers                              ; 0     ;
; Number of registers using Synchronous Clear  ; 0     ;
; Number of registers using Synchronous Load   ; 0     ;
; Number of registers using Asynchronous Clear ; 0     ;
; Number of registers using Asynchronous Load  ; 0     ;
; Number of registers using Clock Enable       ; 0     ;
; Number of registers using Preset             ; 0     ;
+----------------------------------------------+-------+


+-----------------------------------------------------------------------------------------------------------------+
; Source assignments for                                                                                          ;
+--------------------------------------------------------------------------------+--------------------+------+----+
; Assignment                                                                     ; Value              ; From ; To ;
+--------------------------------------------------------------------------------+--------------------+------+----+
; ADV_NETLIST_OPT_SYNTH_WYSIWYG_REMAP                                            ; OFF                ;      ;    ;
; SYNCHRONIZATION_REGISTER_CHAIN_LENGTH                                          ; 2                  ;      ;    ;
; OPTIMIZE_POWER_DURING_SYNTHESIS                                                ; NORMAL COMPILATION ;      ;    ;
; TXPMA_SLEW_RATE                                                                ; LOW                ;      ;    ;
; ADCE_ENABLED                                                                   ; AUTO               ;      ;    ;
; BLOCK_RAM_TO_MLAB_CELL_CONVERSION                                              ; ON                 ;      ;    ;
; BLOCK_RAM_AND_MLAB_EQUIVALENT_POWER_UP_CONDITIONS                              ; AUTO               ;      ;    ;
; BLOCK_RAM_AND_MLAB_EQUIVALENT_PAUSED_READ_CAPABILITIES                         ; CARE               ;      ;    ;
; OPTIMIZE_POWER_DURING_FITTING                                                  ; NORMAL COMPILATION ;      ;    ;
; PHYSICAL_SYNTHESIS_COMBO_LOGIC_FOR_AREA                                        ; OFF                ;      ;    ;
; PHYSICAL_SYNTHESIS_COMBO_LOGIC                                                 ; OFF                ;      ;    ;
; PHYSICAL_SYNTHESIS_REGISTER_DUPLICATION                                        ; OFF                ;      ;    ;
; PHYSICAL_SYNTHESIS_MAP_LOGIC_TO_MEMORY_FOR_AREA                                ; OFF                ;      ;    ;
; PHYSICAL_SYNTHESIS_REGISTER_RETIMING                                           ; OFF                ;      ;    ;
; PHYSICAL_SYNTHESIS_ASYNCHRONOUS_SIGNAL_PIPELINING                              ; OFF                ;      ;    ;
; ENABLE_BENEFICIAL_SKEW_OPTIMIZATION                                            ; ON                 ;      ;    ;
; FORM_DDR_CLUSTERING_CLIQUE                                                     ; OFF                ;      ;    ;
; POWER_REPORT_SIGNAL_ACTIVITY                                                   ; OFF                ;      ;    ;
; POWER_REPORT_POWER_DISSIPATION                                                 ; OFF                ;      ;    ;
; ARRIAIIGX_RX_CDR_LOCKUP_FIX_OVERRIDE                                           ; OFF                ;      ;    ;
; MUX_RESTRUCTURE                                                                ; AUTO               ;      ;    ;
; MLAB_ADD_TIMING_CONSTRAINTS_FOR_MIXED_PORT_FEED_THROUGH_MODE_SETTING_DONT_CARE ; OFF                ;      ;    ;
; STATE_MACHINE_PROCESSING                                                       ; AUTO               ;      ;    ;
; SAFE_STATE_MACHINE                                                             ; OFF                ;      ;    ;
; IGNORE_VERILOG_INITIAL_CONSTRUCTS                                              ; OFF                ;      ;    ;
; VERILOG_CONSTANT_LOOP_LIMIT                                                    ; 5000               ;      ;    ;
; VERILOG_NON_CONSTANT_LOOP_LIMIT                                                ; 250                ;      ;    ;
; INFER_RAMS_FROM_RAW_LOGIC                                                      ; ON                 ;      ;    ;
; DSP_BLOCK_BALANCING                                                            ; AUTO               ;      ;    ;
; NOT_GATE_PUSH_BACK                                                             ; ON                 ;      ;    ;
; REMOVE_REDUNDANT_LOGIC_CELLS                                                   ; OFF                ;      ;    ;
; REMOVE_DUPLICATE_REGISTERS                                                     ; ON                 ;      ;    ;
; IGNORE_CARRY_BUFFERS                                                           ; OFF                ;      ;    ;
; IGNORE_CASCADE_BUFFERS                                                         ; OFF                ;      ;    ;
; IGNORE_GLOBAL_BUFFERS                                                          ; OFF                ;      ;    ;
; IGNORE_ROW_GLOBAL_BUFFERS                                                      ; OFF                ;      ;    ;
; IGNORE_LCELL_BUFFERS                                                           ; OFF                ;      ;    ;
; MAX7000_IGNORE_LCELL_BUFFERS                                                   ; AUTO               ;      ;    ;
; IGNORE_SOFT_BUFFERS                                                            ; ON                 ;      ;    ;
; MAX7000_IGNORE_SOFT_BUFFERS                                                    ; OFF                ;      ;    ;
; AUTO_GLOBAL_CLOCK_MAX                                                          ; ON                 ;      ;    ;
; AUTO_GLOBAL_OE_MAX                                                             ; ON                 ;      ;    ;
; MAX_AUTO_GLOBAL_REGISTER_CONTROLS                                              ; ON                 ;      ;    ;
; AUTO_IMPLEMENT_IN_ROM                                                          ; OFF                ;      ;    ;
; APEX20K_TECHNOLOGY_MAPPER                                                      ; LUT                ;      ;    ;
; OPTIMIZATION_TECHNIQUE                                                         ; BALANCED           ;      ;    ;
; STRATIXII_OPTIMIZATION_TECHNIQUE                                               ; BALANCED           ;      ;    ;
; CYCLONE_OPTIMIZATION_TECHNIQUE                                                 ; BALANCED           ;      ;    ;
; CYCLONEII_OPTIMIZATION_TECHNIQUE                                               ; BALANCED           ;      ;    ;
; STRATIX_OPTIMIZATION_TECHNIQUE                                                 ; BALANCED           ;      ;    ;
; MAXII_OPTIMIZATION_TECHNIQUE                                                   ; BALANCED           ;      ;    ;
; MAX7000_OPTIMIZATION_TECHNIQUE                                                 ; SPEED              ;      ;    ;
; APEX20K_OPTIMIZATION_TECHNIQUE                                                 ; BALANCED           ;      ;    ;
; MERCURY_OPTIMIZATION_TECHNIQUE                                                 ; AREA               ;      ;    ;
; FLEX6K_OPTIMIZATION_TECHNIQUE                                                  ; AREA               ;      ;    ;
; FLEX10K_OPTIMIZATION_TECHNIQUE                                                 ; AREA               ;      ;    ;
; ALLOW_XOR_GATE_USAGE                                                           ; ON                 ;      ;    ;
; AUTO_LCELL_INSERTION                                                           ; ON                 ;      ;    ;
; CARRY_CHAIN_LENGTH                                                             ; 48                 ;      ;    ;
; FLEX6K_CARRY_CHAIN_LENGTH                                                      ; 32                 ;      ;    ;
; FLEX10K_CARRY_CHAIN_LENGTH                                                     ; 32                 ;      ;    ;
; MERCURY_CARRY_CHAIN_LENGTH                                                     ; 48                 ;      ;    ;
; STRATIX_CARRY_CHAIN_LENGTH                                                     ; 70                 ;      ;    ;
; STRATIXII_CARRY_CHAIN_LENGTH                                                   ; 70                 ;      ;    ;
; CASCADE_CHAIN_LENGTH                                                           ; 2                  ;      ;    ;
; PARALLEL_EXPANDER_CHAIN_LENGTH                                                 ; 16                 ;      ;    ;
; MAX7000_PARALLEL_EXPANDER_CHAIN_LENGTH                                         ; 4                  ;      ;    ;
; AUTO_CARRY_CHAINS                                                              ; ON                 ;      ;    ;
; AUTO_CASCADE_CHAINS                                                            ; ON                 ;      ;    ;
; AUTO_PARALLEL_EXPANDERS                                                        ; ON                 ;      ;    ;
; AUTO_OPEN_DRAIN_PINS                                                           ; ON                 ;      ;    ;
; AUTO_ROM_RECOGNITION                                                           ; ON                 ;      ;    ;
; AUTO_RAM_RECOGNITION                                                           ; ON                 ;      ;    ;
; AUTO_DSP_RECOGNITION                                                           ; ON                 ;      ;    ;
; AUTO_SHIFT_REGISTER_RECOGNITION                                                ; AUTO               ;      ;    ;
; ALLOW_SHIFT_REGISTER_MERGING_ACROSS_HIERARCHIES                                ; AUTO               ;      ;    ;
; AUTO_CLOCK_ENABLE_RECOGNITION                                                  ; ON                 ;      ;    ;
; STRICT_RAM_RECOGNITION                                                         ; OFF                ;      ;    ;
; ALLOW_SYNCH_CTRL_USAGE                                                         ; ON                 ;      ;    ;
; FORCE_SYNCH_CLEAR                                                              ; OFF                ;      ;    ;
; AUTO_RAM_TO_LCELL_CONVERSION                                                   ; OFF                ;      ;    ;
; AUTO_RESOURCE_SHARING                                                          ; OFF                ;      ;    ;
; ALLOW_ANY_RAM_SIZE_FOR_RECOGNITION                                             ; OFF                ;      ;    ;
; ALLOW_ANY_ROM_SIZE_FOR_RECOGNITION                                             ; OFF                ;      ;    ;
; ALLOW_ANY_SHIFT_REGISTER_SIZE_FOR_RECOGNITION                                  ; OFF                ;      ;    ;
; MAX7000_FANIN_PER_CELL                                                         ; 100                ;      ;    ;
; SYNTH_TIMING_DRIVEN_SYNTHESIS                                                  ; ON                 ;      ;    ;
; IGNORE_MAX_FANOUT_ASSIGNMENTS                                                  ; OFF                ;      ;    ;
; USE_HIGH_SPEED_ADDER                                                           ; AUTO               ;      ;    ;
; SYNTH_GATED_CLOCK_CONVERSION                                                   ; OFF                ;      ;    ;
; BLOCK_DESIGN_NAMING                                                            ; AUTO               ;      ;    ;
; SHIFT_REGISTER_RECOGNITION_ACLR_SIGNAL                                         ; ON                 ;      ;    ;
; AUTO_MERGE_PLLS                                                                ; ON                 ;      ;    ;
; IGNORE_MODE_FOR_MERGE                                                          ; OFF                ;      ;    ;
; SLOW_SLEW_RATE                                                                 ; OFF                ;      ;    ;
; PCI_IO                                                                         ; OFF                ;      ;    ;
; VREF_MODE                                                                      ; EXTERNAL           ;      ;    ;
; TURBO_BIT                                                                      ; ON                 ;      ;    ;
; WEAK_PULL_UP_RESISTOR                                                          ; OFF                ;      ;    ;
; ENABLE_BUS_HOLD_CIRCUITRY                                                      ; OFF                ;      ;    ;
; AUTO_GLOBAL_MEMORY_CONTROLS                                                    ; OFF                ;      ;    ;
; AUTO_PACKED_REGISTERS_STRATIXII                                                ; AUTO               ;      ;    ;
; AUTO_PACKED_REGISTERS_MAXII                                                    ; AUTO               ;      ;    ;
; AUTO_PACKED_REGISTERS_CYCLONE                                                  ; AUTO               ;      ;    ;
; AUTO_PACKED_REGISTERS                                                          ; OFF                ;      ;    ;
; AUTO_PACKED_REGISTERS_STRATIX                                                  ; AUTO               ;      ;    ;
; NORMAL_LCELL_INSERT                                                            ; ON                 ;      ;    ;
; CARRY_OUT_PINS_LCELL_INSERT                                                    ; ON                 ;      ;    ;
; XSTL_INPUT_ALLOW_SE_BUFFER                                                     ; OFF                ;      ;    ;
; TREAT_BIDIR_AS_OUTPUT                                                          ; OFF                ;      ;    ;
; AUTO_TURBO_BIT                                                                 ; ON                 ;      ;    ;
; AUTO_GLOBAL_CLOCK                                                              ; ON                 ;      ;    ;
; AUTO_GLOBAL_OE                                                                 ; ON                 ;      ;    ;
; AUTO_GLOBAL_REGISTER_CONTROLS                                                  ; ON                 ;      ;    ;
; SYNCHRONIZER_IDENTIFICATION                                                    ; OFF                ;      ;    ;
; M144K_BLOCK_READ_CLOCK_DUTY_CYCLE_DEPENDENCY                                   ; OFF                ;      ;    ;
; CLAMPING_DIODE                                                                 ; OFF                ;      ;    ;
; IMPLEMENT_MLAB_IN_16_BIT_DEEP_MODE                                             ; OFF                ;      ;    ;
+--------------------------------------------------------------------------------+--------------------+------+----+


+---------------------------------------------------------------------------+
; Parameter Settings for User Entity Instance: Top-level Entity: |IC74HC151 ;
+------------------+-------+------------------------------------------------+
; Parameter Name   ; Value ; Type                                           ;
+------------------+-------+------------------------------------------------+
; DATA_SelectPart  ; 3     ; Signed Integer                                 ;
; DATA_Single_Part ; 8     ; Signed Integer                                 ;
+------------------+-------+------------------------------------------------+
Note: In order to hide this table in the UI and the text report file, please set the "Show Parameter Settings in Synthesis Report" option in "Analysis and Synthesis Settings -> More Settings" to "Off".


+-------------------------------+
; Analysis & Synthesis Messages ;
+-------------------------------+
Info: *******************************************************************
Info: Running Quartus II 64-Bit Analysis & Synthesis
    Info: Version 13.1.0 Build 162 10/23/2013 SJ Full Version
    Info: Processing started: Fri Oct 18 18:43:53 2019
Info: Command: quartus_map --read_settings_files=on --write_settings_files=off IC74HC151 -c IC74HC151
Info (11104): Parallel Compilation has detected 8 hyper-threaded processors. However, the extra hyper-threaded processors will not be used by default. Parallel Compilation will use 4 of the 4 physical processors detected instead.
Info (12021): Found 1 design units, including 1 entities, in source file user/ic74hc151_tb.v
    Info (12023): Found entity 1: IC74HC151_tb
Info (12021): Found 1 design units, including 1 entities, in source file ic74hc151.qxp
    Info (12023): Found entity 1: IC74HC151
Info (12127): Elaborating entity "IC74HC151" for the top level hierarchy
Info (16010): Generating hard_block partition "hard_block:auto_generated_inst"
    Info (16011): Adding 0 node(s), including 0 DDIO, 0 PLL, 0 transceiver and 0 LCELL
Info (21057): Implemented 19 device resources after synthesis - the final resource count might be different
    Info (21058): Implemented 12 input pins
    Info (21059): Implemented 2 output pins
    Info (21061): Implemented 5 logic cells
Info: Quartus II 64-Bit Analysis & Synthesis was successful. 0 errors, 0 warnings
    Info: Peak virtual memory: 4634 megabytes
    Info: Processing ended: Fri Oct 18 18:43:53 2019
    Info: Elapsed time: 00:00:00
    Info: Total CPU time (on all processors): 00:00:01


